<?xml version="1.0" encoding="UTF-8"?>
<!-- Generated by org.testng.reporters.JUnitReportReporter -->
<testsuite hostname="LAPTOP-JAC54OU6" failures="0" tests="6" name="test.day2" time="0.018" errors="0" timestamp="2021-09-19T15:55:32 IST" skipped="0">
  <testcase classname="test.day2" name="cool" time="0.011"/>
  <system-out/>
  <testcase classname="test.day2" name="home1" time="0.001"/>
  <system-out/>
  <testcase classname="test.day2" name="first" time="0.002"/>
  <system-out/>
  <testcase classname="test.day2" name="last" time="0.001"/>
  <system-out/>
  <testcase classname="test.day2" name="home2" time="0.001"/>
  <system-out/>
  <testcase classname="test.day2" name="home3" time="0.002"/>
  <system-out/>
</testsuite> <!-- test.day2 -->
