<?xml version="1.0" encoding="UTF-8"?>
<!-- Generated by org.testng.reporters.JUnitReportReporter -->
<testsuite hostname="LAPTOP-JAC54OU6" failures="0" tests="3" name="test.day3" time="0.004" errors="0" timestamp="2021-09-19T15:55:32 IST" skipped="0">
  <testcase classname="test.day3" name="two" time="0.002"/>
  <system-out/>
  <testcase classname="test.day3" name="one" time="0.001"/>
  <system-out/>
  <testcase classname="test.day3" name="three" time="0.001"/>
  <system-out/>
</testsuite> <!-- test.day3 -->
